[iman.uz/index.html]
[backblue.gif]
[fade.gif]
[index.html]
[static.tildacdn.com/tild3939-3933-4233-a330-613131653265/-/resize/504x/tilda_logo.png]
[static.tildacdn.com/tild3033-3761-4963-b937-633233663434/favicon.ico]
[stat.tildacdn.com/js/tilda-fallback-1.0.min.js]
[static.tildacdn.com/css/tilda-grid-3.0.min.css]
[iman.uz/tilda-blocks-page24517400.minf522.css]
[static.tildacdn.com/css/tilda-animation-1.0.min.css]
[static.tildacdn.com/css/tilda-menusub-1.0.min.css]
[static.tildacdn.com/css/tilda-popup-1.1.min.css]
[static.tildacdn.com/css/tilda-slds-1.4.min.css]
[static.tildacdn.com/js/tilda-scripts-3.0.min.js]
[iman.uz/tilda-blocks-page24517400.minf522.js]
[static.tildacdn.com/js/lazyload-1.3.min.js]
[static.tildacdn.com/js/tilda-animation-1.0.min.js]
[static.tildacdn.com/js/jquery-1.10.2.min.js]
[static.tildacdn.com/js/tilda-menusub-1.0.min.js]
[static.tildacdn.com/js/tilda-menu-1.0.min.js]
[static.tildacdn.com/js/tilda-zero-1.0.min.js]
[static.tildacdn.com/js/hammer.min.js]
[static.tildacdn.com/js/tilda-slds-1.4.min.js]
[static.tildacdn.com/js/tilda-events-1.0.min.js]
[static.tildacdn.com/js/tilda-animation-sbs-1.0.min.js]
[static.tildacdn.com/tild3939-3933-4233-a330-613131653265/tilda_logo.png]
[iman.uz/buka-uz.html]
[iman.uz/avan-mebel.html]
[iman.uz/biznes-uchun.html]
[iman.uz/oferta/xizmatlar.html]
[iman.uz/oferta/tovarlar.html]
[iman.uz/ru.html]
[static.tildacdn.com/tild3763-3361-4737-a237-616630306237/-/resize/20x/Electronics.png]
[static.tildacdn.com/tild3564-3163-4235-a264-626233653539/Fitness___Gear.png]
[static.tildacdn.com/tild3564-3163-4235-a264-626233653539/-/resize/20x/Fitness___Gear.png]
[static.tildacdn.com/tild6431-6364-4435-b434-636261346564/Home___furniture.png]
[static.tildacdn.com/tild6431-6364-4435-b434-636261346564/-/resize/20x/Home___furniture.png]
[static.tildacdn.com/tild3435-6139-4431-b332-393962323631/Auto.png]
[static.tildacdn.com/tild3435-6139-4431-b332-393962323631/-/resize/20x/Auto.png]
[static.tildacdn.com/tild3065-3936-4166-b764-656664333064/med.jpg]
[static.tildacdn.com/tild3065-3936-4166-b764-656664333064/-/resize/20x/med.jpg]
[static.tildacdn.com/tild3862-3637-4331-b461-626637643762/photo.jpg]
[static.tildacdn.com/tild3862-3637-4331-b461-626637643762/-/resize/20x/photo.jpg]
[static.tildacdn.com/tild3532-3464-4234-a530-313261653464/edu.jpg]
[static.tildacdn.com/tild3532-3464-4234-a530-313261653464/-/resize/20x/edu.jpg]
[static.tildacdn.com/tild3434-3665-4830-a530-353636383332/Accessories.png]
[static.tildacdn.com/tild3434-3665-4830-a530-353636383332/-/resize/20x/Accessories.png]
[static.tildacdn.com/js/ya-share.js]
[iman.uz/buka.html]
[static.tildacdn.com/tild3836-3632-4964-b262-386531356165/117177251_2620337868.jpg]
[static.tildacdn.com/tild3836-3632-4964-b262-386531356165/-/resizeb/20x/117177251_2620337868.jpg]
[static.tildacdn.com/tild3433-3237-4439-b864-633737376131/photo_2021-12-09_10-.jpg]
[static.tildacdn.com/tild3433-3237-4439-b864-633737376131/-/resizeb/20x/photo_2021-12-09_10-.jpg]
[static.tildacdn.com/tild3162-6537-4139-a565-663835333636/iPhone_Hands_Smartph.jpg]
[static.tildacdn.com/tild3162-6537-4139-a565-663835333636/-/resizeb/20x/iPhone_Hands_Smartph.jpg]
[static.tildacdn.com/tild6337-6161-4132-b438-356636323732/telefonchi.jpg]
[static.tildacdn.com/tild6337-6161-4132-b438-356636323732/-/resizeb/20x/telefonchi.jpg]
[static.tildacdn.com/tild6437-3961-4237-b035-313930336461/ch.jpg]
[static.tildacdn.com/tild6437-3961-4237-b035-313930336461/-/resizeb/20x/ch.jpg]
[static.tildacdn.com/tild6534-3865-4638-b164-633766316633/1YbnjDzWbqXj7K6UFbnV.jpg]
[static.tildacdn.com/tild6534-3865-4638-b164-633766316633/-/resizeb/20x/1YbnjDzWbqXj7K6UFbnV.jpg]
[static.tildacdn.com/tild6665-3139-4263-a330-393336366663/photo_2021-12-09_11-.jpg]
[static.tildacdn.com/tild6665-3139-4263-a330-393336366663/-/resizeb/20x/photo_2021-12-09_11-.jpg]
[static.tildacdn.com/tild6462-6464-4163-b430-393038303661/zmc7Tu15313039067283.jpg]
[static.tildacdn.com/tild6462-6464-4163-b430-393038303661/-/resizeb/20x/zmc7Tu15313039067283.jpg]
[static.tildacdn.com/tild3739-3562-4136-b936-643661363533/photo_2021-12-09_11-.jpg]
[static.tildacdn.com/tild3739-3562-4136-b936-643661363533/-/resizeb/20x/photo_2021-12-09_11-.jpg]
[static.tildacdn.com/js/tilda-stat-1.0.min.js]
[iman.uz/index.html]
[ws.tildacdn.com/index.html]
[static.tildacdn.com/index.html]
[iman.uz/tilda-blocks-page23502794.min74e6.css]
[static.tildacdn.com/css/tilda-cover-1.0.min.css]
[iman.uz/tilda-blocks-page23502794.min74e6.js]
[static.tildacdn.com/js/tilda-cover-1.0.min.js]
[iman.uz/oferta.html]
[static.tildacdn.com/tild6336-6162-4231-a330-333562616137/-/resize/20x/image.jpg]
[static.tildacdn.com/tild6336-6162-4231-a330-333562616137/image.jpg]
[static.tildacdn.com/tild3637-3561-4534-a361-643635653337/223530147_1976362890.jpg]
[static.tildacdn.com/tild6430-3236-4963-b234-653732373233/5.jpg]
[static.tildacdn.com/tild6430-3236-4963-b234-653732373233/-/resizeb/20x/5.jpg]
[static.tildacdn.com/tild6465-3365-4631-a139-323564303630/4.jpg]
[static.tildacdn.com/tild6465-3365-4631-a139-323564303630/-/resizeb/20x/4.jpg]
[static.tildacdn.com/tild6631-3463-4262-b064-613734626564/3.jpg]
[static.tildacdn.com/tild6631-3463-4262-b064-613734626564/-/resizeb/20x/3.jpg]
[static.tildacdn.com/tild6632-3433-4133-a565-383533366262/2.jpg]
[static.tildacdn.com/tild6632-3433-4133-a565-383533366262/-/resizeb/20x/2.jpg]
[static.tildacdn.com/tild3364-6137-4937-a265-376338363932/1.jpg]
[static.tildacdn.com/tild3364-6137-4937-a265-376338363932/-/resizeb/20x/1.jpg]
[static.tildacdn.com/tild3335-3966-4862-b662-373762326338/6.jpg]
[static.tildacdn.com/tild3335-3966-4862-b662-373762326338/-/resizeb/20x/6.jpg]
[iman.uz/buka-uz.html]
[iman.uz/tilda-blocks-page23694490.minaa95.css]
[iman.uz/tilda-blocks-page23694490.minaa95.js]
[iman.uz/to-partners.html]
[static.tildacdn.com/tild3336-3537-4662-b064-333663613435/-/resize/20x/VENA_SHKAF_1.jpg]
[static.tildacdn.com/tild3336-3537-4662-b064-333663613435/VENA_SHKAF_1.jpg]
[static.tildacdn.com/tild3464-3130-4733-b434-656139656164/avan.jpg]
[static.tildacdn.com/tild3461-3761-4236-a537-633235626536/1257456_original.jpg]
[static.tildacdn.com/tild3461-3761-4236-a537-633235626536/-/resizeb/20x/1257456_original.jpg]
[static.tildacdn.com/tild3035-3430-4437-b863-346637636437/P2hFGSnvUJc4DLrzZaBI.jpg]
[static.tildacdn.com/tild3035-3430-4437-b863-346637636437/-/resizeb/20x/P2hFGSnvUJc4DLrzZaBI.jpg]
[static.tildacdn.com/tild3936-3062-4337-a666-643662386563/02.jpg]
[static.tildacdn.com/tild3936-3062-4337-a666-643662386563/-/resizeb/20x/02.jpg]
[static.tildacdn.com/tild6162-6236-4563-b637-363630343230/avan_kitchen.jpg]
[static.tildacdn.com/tild6162-6236-4563-b637-363630343230/-/resizeb/20x/avan_kitchen.jpg]
[iman.uz/avan-mebel.html]
[iman.uz/tilda-blocks-page24517417.mind294.css]
[iman.uz/tilda-blocks-page24517417.mind294.js]
[iman.uz/ommaviy-taklif.html]
[static.tildacdn.com/tild6164-6538-4231-b836-616539376632/-/empty/gsAE0shk9mTcPRKp7e1R.png]
[static.tildacdn.com/tild6164-6538-4231-b836-616539376632/gsAE0shk9mTcPRKp7e1R.png]
[static.tildacdn.com/tild3130-3935-4434-a635-386464666465/-/empty/logocc71f54.png]
[static.tildacdn.com/tild3130-3935-4434-a635-386464666465/logocc71f54.png]
[static.tildacdn.com/tild3161-3464-4236-b733-626330393365/-/empty/ultrashop-logo-2x543.png]
[static.tildacdn.com/tild3161-3464-4236-b733-626330393365/ultrashop-logo-2x543.png]
[static.tildacdn.com/tild6565-3439-4533-b366-373738356562/goodzo.svg]
[static.tildacdn.com/tild6334-6538-4830-a539-666265316538/-/empty/DMC_Logo_11.png]
[static.tildacdn.com/tild6334-6538-4830-a539-666265316538/DMC_Logo_11.png]
[static.tildacdn.com/tild3830-3230-4630-b266-333233396637/-/empty/saba_logo.png]
[static.tildacdn.com/tild3830-3230-4630-b266-333233396637/saba_logo.png]
[static.tildacdn.com/tild3664-3261-4432-a332-616334613162/cambridge_logotip.svg]
[static.tildacdn.com/tild6135-6533-4265-b432-313133373766/najot_logo.svg]
[static.tildacdn.com/tild3634-6130-4464-a666-333633353737/-/empty/logo-blackx2.png]
[static.tildacdn.com/tild3634-6130-4464-a666-333633353737/logo-blackx2.png]
[static.tildacdn.com/tild3435-3331-4831-a234-613537383035/-/empty/0075180.png]
[static.tildacdn.com/tild3435-3331-4831-a234-613537383035/0075180.jpg]
[static.tildacdn.com/tild3436-6233-4562-a665-623364346636/-/empty/logo.png]
[static.tildacdn.com/tild3436-6233-4562-a665-623364346636/logo.png]
[static.tildacdn.com/tild3966-6136-4537-a264-366464653464/-/empty/447072.png]
[static.tildacdn.com/tild3966-6136-4537-a264-366464653464/447072.png]
[static.tildacdn.com/tild6236-6566-4939-b431-323664613633/-/empty/buka-red.png]
[static.tildacdn.com/tild6236-6566-4939-b431-323664613633/buka-red.png]
[static.tildacdn.com/tild3661-3065-4336-a365-353732383837/-/empty/elmakon.png]
[static.tildacdn.com/tild3661-3065-4336-a365-353732383837/elmakon.png]
[static.tildacdn.com/tild6230-6533-4638-b837-346530346163/-/empty/saba_logo.png]
[static.tildacdn.com/tild6230-6533-4638-b837-346530346163/saba_logo.png]
[iman.uz/biznes-uchun.html]
[iman.uz/tilda-blocks-page26036666.minf2cc.css]
[iman.uz/tilda-blocks-page26036666.minf2cc.js]
[iman.uz/oferta/xizmatlar.html]
[iman.uz/tilda-blocks-page26038744.min3ece.css]
[iman.uz/tilda-blocks-page26038744.min3ece.js]
[iman.uz/oferta/tovarlar.html]
[iman.uz/lib/tildaicon/index.html]
[iman.uz/GET.html]
[iman.uz/tilda-blocks-page23833097.min7069.css]
[iman.uz/tilda-blocks-page23833097.min7069.js]
[iman.uz/oferta/uslugi.html]
[iman.uz/oferta/tovari.html]
[iman.uz/ru.html]
[iman.uz/tilda-blocks-page23386147.minc215.css]
[iman.uz/tilda-blocks-page23386147.minc215.js]
[iman.uz/buka.html]
[iman.uz/tilda-blocks-page23380191.min5bec.css]
[neo.tildacdn.com/js/tilda-fallback-1.0.min.js]
[static.tildacdn.com/js/tilda-polyfill-1.0.min.js]
[iman.uz/tilda-blocks-page23380191.min5bec.js]
[iman.uz/oferta.html]
[static.tildacdn.com/js/tilda-zero-1.1.min.js]
[iman.uz/tilda-blocks-page23996340.min76ea.css]
[iman.uz/tilda-blocks-page23996340.min76ea.js]
[iman.uz/to-partners.html]
[iman.uz/tilda-blocks-page24517427.mind75e.css]
[iman.uz/tilda-blocks-page24517427.mind75e.js]
[iman.uz/ommaviy-taklif.html]
[iman.uz/tilda-blocks-page25994983.minabe0.css]
[iman.uz/tilda-blocks-page25994983.minabe0.js]
[iman.uz/oferta/uslugi.html]
[iman.uz/tilda-blocks-page25995060.mina4b9.css]
[iman.uz/tilda-blocks-page25995060.mina4b9.js]
[iman.uz/oferta/tovari.html]
[static.tildacdn.com/js/tilda-scripts-3.0.min.js]
[static.tildacdn.com/js/jquery-1.10.2.min.js]
[static.tildacdn.com/js/tilda-animation-1.0.min.js]
[static.tildacdn.com/js/tilda-menusub-1.0.min.js]
[static.tildacdn.com/js/tilda-menu-1.0.min.js]
[static.tildacdn.com/js/tilda-zero-1.0.min.js]
[static.tildacdn.com/js/hammer.min.js]
[static.tildacdn.com/js/tilda-slds-1.4.min.js]
[static.tildacdn.com/js/tilda-events-1.0.min.js]
[static.tildacdn.com/js/tilda-animation-sbs-1.0.min.js]
[stat.tildacdn.com/js/tilda-fallback-1.0.min.js]
[static.tildacdn.com/tild3564-3163-4235-a264-626233653539/Fitness___Gear.png]
[static.tildacdn.com/css/tilda-grid-3.0.min.css]
[static.tildacdn.com/tild6431-6364-4435-b434-636261346564/Home___furniture.png]
[iman.uz/tilda-blocks-page24517400.minf522.css]
[static.tildacdn.com/js/ya-share.js]
[static.tildacdn.com/css/tilda-animation-1.0.min.css]
[static.tildacdn.com/tild3435-6139-4431-b332-393962323631/Auto.png]
[static.tildacdn.com/css/tilda-menusub-1.0.min.css]
[static.tildacdn.com/js/tilda-cover-1.0.min.js]
[static.tildacdn.com/css/tilda-popup-1.1.min.css]
[static.tildacdn.com/css/tilda-slds-1.4.min.css]
[static.tildacdn.com/tild3434-3665-4830-a530-353636383332/Accessories.png]
[static.tildacdn.com/tild6462-6464-4163-b430-393038303661/zmc7Tu15313039067283.jpg]
[static.tildacdn.com/tild6336-6162-4231-a330-333562616137/image.jpg]
[www.googletagmanager.com/gtm5445.html]
[static.tildacdn.com/tild6430-3236-4963-b234-653732373233/5.jpg]
[static.tildacdn.com/tild6465-3365-4631-a139-323564303630/4.jpg]
[static.tildacdn.com/tild6631-3463-4262-b064-613734626564/3.jpg]
[static.tildacdn.com/tild6632-3433-4133-a565-383533366262/2.jpg]
[static.tildacdn.com/tild3364-6137-4937-a265-376338363932/1.jpg]
[static.tildacdn.com/tild3335-3966-4862-b662-373762326338/6.jpg]
[static.tildacdn.com/tild3336-3537-4662-b064-333663613435/VENA_SHKAF_1.jpg]
[static.tildacdn.com/tild3461-3761-4236-a537-633235626536/1257456_original.jpg]
[static.tildacdn.com/tild3035-3430-4437-b863-346637636437/P2hFGSnvUJc4DLrzZaBI.jpg]
[static.tildacdn.com/js/tilda-polyfill-1.0.min.js]
[static.tildacdn.com/js/tilda-zero-1.1.min.js]
[iman.uz/buka.html]
[iman.uz/tilda-blocks-page23502794.min74e6.css]
[static.tildacdn.com/css/tilda-cover-1.0.min.css]
[static.tildacdn.com/tild3936-3062-4337-a666-643662386563/02.jpg]
[iman.uz/oferta.html]
[iman.uz/tilda-blocks-page23694490.minaa95.css]
[iman.uz/tilda-blocks-page24517417.mind294.css]
[static.tildacdn.com/tild6565-3439-4533-b366-373738356562/goodzo.svg]
[static.tildacdn.com/tild3664-3261-4432-a332-616334613162/cambridge_logotip.svg]
[static.tildacdn.com/tild6135-6533-4265-b432-313133373766/najot_logo.svg]
[iman.uz/tilda-blocks-page26036666.minf2cc.css]
[iman.uz/tilda-blocks-page26038744.min3ece.css]
[iman.uz/tilda-blocks-page23833097.min7069.css]
[iman.uz/tilda-blocks-page23386147.minc215.css]
[iman.uz/tilda-blocks-page23380191.min5bec.css]
[iman.uz/tilda-blocks-page23996340.min76ea.css]
[iman.uz/tilda-blocks-page24517427.mind75e.css]
[iman.uz/tilda-blocks-page25994983.minabe0.css]
[iman.uz/tilda-blocks-page25995060.mina4b9.css]
